\BOOKMARK [1][]{section.1}{\376\377\0001\000\040\000P\000a\000r\000t\000\040\000A\000:\000\040\000R\000e\000s\000t\000r\000i\000c\000t\000i\000o\000n\000\040\000P\000a\000t\000t\000e\000r\000n\000s\000\040\000f\000o\000r\000\040\000T\000w\000o\000\040\000I\000n\000t\000e\000r\000v\000a\000l\000s}{}% 1
\BOOKMARK [2][-]{subsection.1.1}{\376\377\0001\000.\0001\000\040\000P\000r\000o\000b\000l\000e\000m\000\040\000O\000v\000e\000r\000v\000i\000e\000w}{section.1}% 2
\BOOKMARK [2][-]{subsection.1.2}{\376\377\0001\000.\0002\000\040\000P\000r\000o\000b\000l\000e\000m\000\040\000A\0001\000:\000\040\000R\000e\000s\000t\000r\000i\000c\000t\000i\000o\000n\000\040\000P\000a\000t\000t\000e\000r\000n\000s}{section.1}% 3
\BOOKMARK [3][-]{subsubsection.1.2.1}{\376\377\0001\000.\0002\000.\0001\000\040\000R\000e\000s\000t\000a\000t\000e\000m\000e\000n\000t}{subsection.1.2}% 4
\BOOKMARK [3][-]{subsubsection.1.2.2}{\376\377\0001\000.\0002\000.\0002\000\040\000E\000x\000p\000l\000a\000n\000a\000t\000i\000o\000n}{subsection.1.2}% 5
\BOOKMARK [3][-]{subsubsection.1.2.3}{\376\377\0001\000.\0002\000.\0003\000\040\000S\000o\000l\000u\000t\000i\000o\000n\000\040\000P\000l\000a\000n}{subsection.1.2}% 6
\BOOKMARK [3][-]{subsubsection.1.2.4}{\376\377\0001\000.\0002\000.\0004\000\040\000F\000o\000r\000m\000a\000l\000\040\000S\000o\000l\000u\000t\000i\000o\000n\000\040\000/\000\040\000P\000r\000o\000o\000f}{subsection.1.2}% 7
\BOOKMARK [3][-]{subsubsection.1.2.5}{\376\377\0001\000.\0002\000.\0005\000\040\000C\000o\000n\000c\000l\000u\000s\000i\000o\000n}{subsection.1.2}% 8
\BOOKMARK [3][-]{subsubsection.1.2.6}{\376\377\0001\000.\0002\000.\0006\000\040\000L\000e\000a\000n\000\040\000F\000o\000r\000m\000a\000l\000i\000z\000a\000t\000i\000o\000n}{subsection.1.2}% 9
\BOOKMARK [3][-]{subsubsection.1.2.7}{\376\377\0001\000.\0002\000.\0007\000\040\000C\000o\000m\000p\000u\000t\000a\000t\000i\000o\000n\000a\000l\000\040\000C\000h\000e\000c\000k}{subsection.1.2}% 10
\BOOKMARK [2][-]{subsection.1.3}{\376\377\0001\000.\0003\000\040\000P\000r\000o\000b\000l\000e\000m\000\040\000A\0003\000:\000\040\000V\000C\000\040\000D\000i\000m\000e\000n\000s\000i\000o\000n\000\040\000a\000n\000d\000\040\000H\000a\000l\000v\000i\000n\000g\000\040\000B\000o\000u\000n\000d}{section.1}% 11
\BOOKMARK [3][-]{subsubsection.1.3.1}{\376\377\0001\000.\0003\000.\0001\000\040\000R\000e\000s\000t\000a\000t\000e\000m\000e\000n\000t}{subsection.1.3}% 12
\BOOKMARK [3][-]{subsubsection.1.3.2}{\376\377\0001\000.\0003\000.\0002\000\040\000E\000x\000p\000l\000a\000n\000a\000t\000i\000o\000n}{subsection.1.3}% 13
\BOOKMARK [3][-]{subsubsection.1.3.3}{\376\377\0001\000.\0003\000.\0003\000\040\000S\000o\000l\000u\000t\000i\000o\000n\000\040\000P\000l\000a\000n}{subsection.1.3}% 14
\BOOKMARK [3][-]{subsubsection.1.3.4}{\376\377\0001\000.\0003\000.\0004\000\040\000F\000o\000r\000m\000a\000l\000\040\000S\000o\000l\000u\000t\000i\000o\000n\000\040\000/\000\040\000P\000r\000o\000o\000f}{subsection.1.3}% 15
\BOOKMARK [3][-]{subsubsection.1.3.5}{\376\377\0001\000.\0003\000.\0005\000\040\000C\000o\000n\000c\000l\000u\000s\000i\000o\000n}{subsection.1.3}% 16
\BOOKMARK [3][-]{subsubsection.1.3.6}{\376\377\0001\000.\0003\000.\0006\000\040\000L\000e\000a\000n\000\040\000F\000o\000r\000m\000a\000l\000i\000z\000a\000t\000i\000o\000n}{subsection.1.3}% 17
\BOOKMARK [3][-]{subsubsection.1.3.7}{\376\377\0001\000.\0003\000.\0007\000\040\000C\000o\000m\000p\000u\000t\000a\000t\000i\000o\000n\000a\000l\000\040\000C\000h\000e\000c\000k}{subsection.1.3}% 18
\BOOKMARK [2][-]{subsection.1.4}{\376\377\0001\000.\0004\000\040\000P\000r\000o\000b\000l\000e\000m\000\040\000A\0004\000:\000\040\000T\000i\000g\000h\000t\000n\000e\000s\000s\000\040\000o\000f\000\040\000S\000a\000u\000e\000r\040\023\000S\000h\000e\000l\000a\000h}{section.1}% 19
\BOOKMARK [3][-]{subsubsection.1.4.1}{\376\377\0001\000.\0004\000.\0001\000\040\000R\000e\000s\000t\000a\000t\000e\000m\000e\000n\000t}{subsection.1.4}% 20
\BOOKMARK [3][-]{subsubsection.1.4.2}{\376\377\0001\000.\0004\000.\0002\000\040\000E\000x\000p\000l\000a\000n\000a\000t\000i\000o\000n}{subsection.1.4}% 21
\BOOKMARK [3][-]{subsubsection.1.4.3}{\376\377\0001\000.\0004\000.\0003\000\040\000S\000o\000l\000u\000t\000i\000o\000n\000\040\000P\000l\000a\000n}{subsection.1.4}% 22
\BOOKMARK [3][-]{subsubsection.1.4.4}{\376\377\0001\000.\0004\000.\0004\000\040\000F\000o\000r\000m\000a\000l\000\040\000S\000o\000l\000u\000t\000i\000o\000n\000\040\000/\000\040\000P\000r\000o\000o\000f}{subsection.1.4}% 23
\BOOKMARK [3][-]{subsubsection.1.4.5}{\376\377\0001\000.\0004\000.\0005\000\040\000C\000o\000n\000c\000l\000u\000s\000i\000o\000n}{subsection.1.4}% 24
\BOOKMARK [3][-]{subsubsection.1.4.6}{\376\377\0001\000.\0004\000.\0006\000\040\000L\000e\000a\000n\000\040\000F\000o\000r\000m\000a\000l\000i\000z\000a\000t\000i\000o\000n}{subsection.1.4}% 25
\BOOKMARK [3][-]{subsubsection.1.4.7}{\376\377\0001\000.\0004\000.\0007\000\040\000C\000o\000m\000p\000u\000t\000a\000t\000i\000o\000n\000a\000l\000\040\000C\000h\000e\000c\000k}{subsection.1.4}% 26
\BOOKMARK [2][-]{subsection.1.5}{\376\377\0001\000.\0005\000\040\000P\000r\000o\000b\000l\000e\000m\000\040\000A\0005\000:\000\040\000A\000I\000\040\000P\000r\000o\000o\000f\000\040\000A\000u\000d\000i\000t}{section.1}% 27
\BOOKMARK [3][-]{subsubsection.1.5.1}{\376\377\0001\000.\0005\000.\0001\000\040\000R\000e\000s\000t\000a\000t\000e\000m\000e\000n\000t}{subsection.1.5}% 28
\BOOKMARK [3][-]{subsubsection.1.5.2}{\376\377\0001\000.\0005\000.\0002\000\040\000E\000x\000p\000l\000a\000n\000a\000t\000i\000o\000n}{subsection.1.5}% 29
\BOOKMARK [3][-]{subsubsection.1.5.3}{\376\377\0001\000.\0005\000.\0003\000\040\000S\000o\000l\000u\000t\000i\000o\000n\000\040\000P\000l\000a\000n}{subsection.1.5}% 30
\BOOKMARK [3][-]{subsubsection.1.5.4}{\376\377\0001\000.\0005\000.\0004\000\040\000F\000o\000r\000m\000a\000l\000\040\000S\000o\000l\000u\000t\000i\000o\000n\000\040\000/\000\040\000P\000r\000o\000o\000f}{subsection.1.5}% 31
\BOOKMARK [3][-]{subsubsection.1.5.5}{\376\377\0001\000.\0005\000.\0005\000\040\000C\000o\000n\000c\000l\000u\000s\000i\000o\000n}{subsection.1.5}% 32
\BOOKMARK [3][-]{subsubsection.1.5.6}{\376\377\0001\000.\0005\000.\0006\000\040\000L\000e\000a\000n\000\040\000F\000o\000r\000m\000a\000l\000i\000z\000a\000t\000i\000o\000n}{subsection.1.5}% 33
\BOOKMARK [3][-]{subsubsection.1.5.7}{\376\377\0001\000.\0005\000.\0007\000\040\000C\000o\000m\000p\000u\000t\000a\000t\000i\000o\000n\000a\000l\000\040\000C\000h\000e\000c\000k}{subsection.1.5}% 34
\BOOKMARK [1][]{section.2}{\376\377\0002\000\040\000P\000a\000r\000t\000\040\000B\000:\000\040\000Q\000u\000a\000d\000r\000a\000t\000i\000c\000\040\000T\000h\000r\000e\000s\000h\000o\000l\000d\000s}{}% 35
\BOOKMARK [2][-]{subsection.2.1}{\376\377\0002\000.\0001\000\040\000P\000r\000o\000b\000l\000e\000m\000\040\000O\000v\000e\000r\000v\000i\000e\000w}{section.2}% 36
\BOOKMARK [2][-]{subsection.2.2}{\376\377\0002\000.\0002\000\040\000P\000r\000o\000b\000l\000e\000m\000\040\000B\0001\000:\000\040\000G\000e\000n\000e\000r\000a\000l\000\040\000U\000p\000p\000e\000r\000\040\000B\000o\000u\000n\000d\000\040\000f\000o\000r\000\040\000L\000i\000n\000e\000a\000r\000\040\000R\000e\000p\000r\000e\000s\000e\000n\000t\000a\000t\000i\000o\000n\000s}{section.2}% 37
\BOOKMARK [3][-]{subsubsection.2.2.1}{\376\377\0002\000.\0002\000.\0001\000\040\000R\000e\000s\000t\000a\000t\000e\000m\000e\000n\000t}{subsection.2.2}% 38
\BOOKMARK [3][-]{subsubsection.2.2.2}{\376\377\0002\000.\0002\000.\0002\000\040\000E\000x\000p\000l\000a\000n\000a\000t\000i\000o\000n}{subsection.2.2}% 39
\BOOKMARK [3][-]{subsubsection.2.2.3}{\376\377\0002\000.\0002\000.\0003\000\040\000S\000o\000l\000u\000t\000i\000o\000n\000\040\000P\000l\000a\000n}{subsection.2.2}% 40
\BOOKMARK [3][-]{subsubsection.2.2.4}{\376\377\0002\000.\0002\000.\0004\000\040\000F\000o\000r\000m\000a\000l\000\040\000S\000o\000l\000u\000t\000i\000o\000n\000\040\000/\000\040\000P\000r\000o\000o\000f}{subsection.2.2}% 41
\BOOKMARK [3][-]{subsubsection.2.2.5}{\376\377\0002\000.\0002\000.\0005\000\040\000C\000o\000n\000c\000l\000u\000s\000i\000o\000n}{subsection.2.2}% 42
\BOOKMARK [3][-]{subsubsection.2.2.6}{\376\377\0002\000.\0002\000.\0006\000\040\000L\000e\000a\000n\000\040\000F\000o\000r\000m\000a\000l\000i\000z\000a\000t\000i\000o\000n}{subsection.2.2}% 43
\BOOKMARK [3][-]{subsubsection.2.2.7}{\376\377\0002\000.\0002\000.\0007\000\040\000C\000o\000m\000p\000u\000t\000a\000t\000i\000o\000n\000a\000l\000\040\000C\000h\000e\000c\000k}{subsection.2.2}% 44
\BOOKMARK [2][-]{subsection.2.3}{\376\377\0002\000.\0003\000\040\000P\000r\000o\000b\000l\000e\000m\000\040\000B\0002\000:\000\040\000Q\000u\000a\000d\000r\000a\000t\000i\000c\000\040\000T\000r\000a\000n\000s\000f\000o\000r\000m\000a\000t\000i\000o\000n}{section.2}% 45
\BOOKMARK [3][-]{subsubsection.2.3.1}{\376\377\0002\000.\0003\000.\0001\000\040\000R\000e\000s\000t\000a\000t\000e\000m\000e\000n\000t}{subsection.2.3}% 46
\BOOKMARK [3][-]{subsubsection.2.3.2}{\376\377\0002\000.\0003\000.\0002\000\040\000E\000x\000p\000l\000a\000n\000a\000t\000i\000o\000n}{subsection.2.3}% 47
\BOOKMARK [3][-]{subsubsection.2.3.3}{\376\377\0002\000.\0003\000.\0003\000\040\000S\000o\000l\000u\000t\000i\000o\000n\000\040\000P\000l\000a\000n}{subsection.2.3}% 48
\BOOKMARK [3][-]{subsubsection.2.3.4}{\376\377\0002\000.\0003\000.\0004\000\040\000F\000o\000r\000m\000a\000l\000\040\000S\000o\000l\000u\000t\000i\000o\000n\000\040\000/\000\040\000P\000r\000o\000o\000f}{subsection.2.3}% 49
\BOOKMARK [3][-]{subsubsection.2.3.5}{\376\377\0002\000.\0003\000.\0005\000\040\000C\000o\000n\000c\000l\000u\000s\000i\000o\000n}{subsection.2.3}% 50
\BOOKMARK [3][-]{subsubsection.2.3.6}{\376\377\0002\000.\0003\000.\0006\000\040\000L\000e\000a\000n\000\040\000F\000o\000r\000m\000a\000l\000i\000z\000a\000t\000i\000o\000n}{subsection.2.3}% 51
\BOOKMARK [3][-]{subsubsection.2.3.7}{\376\377\0002\000.\0003\000.\0007\000\040\000C\000o\000m\000p\000u\000t\000a\000t\000i\000o\000n\000a\000l\000\040\000C\000h\000e\000c\000k}{subsection.2.3}% 52
\BOOKMARK [2][-]{subsection.2.4}{\376\377\0002\000.\0004\000\040\000P\000r\000o\000b\000l\000e\000m\000\040\000B\0003\000:\000\040\000R\000e\000s\000t\000r\000i\000c\000t\000i\000o\000n\000\040\000P\000a\000t\000t\000e\000r\000n\000s}{section.2}% 53
\BOOKMARK [3][-]{subsubsection.2.4.1}{\376\377\0002\000.\0004\000.\0001\000\040\000R\000e\000s\000t\000a\000t\000e\000m\000e\000n\000t}{subsection.2.4}% 54
\BOOKMARK [3][-]{subsubsection.2.4.2}{\376\377\0002\000.\0004\000.\0002\000\040\000E\000x\000p\000l\000a\000n\000a\000t\000i\000o\000n}{subsection.2.4}% 55
\BOOKMARK [3][-]{subsubsection.2.4.3}{\376\377\0002\000.\0004\000.\0003\000\040\000S\000o\000l\000u\000t\000i\000o\000n\000\040\000P\000l\000a\000n}{subsection.2.4}% 56
\BOOKMARK [3][-]{subsubsection.2.4.4}{\376\377\0002\000.\0004\000.\0004\000\040\000F\000o\000r\000m\000a\000l\000\040\000S\000o\000l\000u\000t\000i\000o\000n\000\040\000/\000\040\000P\000r\000o\000o\000f}{subsection.2.4}% 57
\BOOKMARK [3][-]{subsubsection.2.4.5}{\376\377\0002\000.\0004\000.\0005\000\040\000C\000o\000n\000c\000l\000u\000s\000i\000o\000n}{subsection.2.4}% 58
\BOOKMARK [3][-]{subsubsection.2.4.6}{\376\377\0002\000.\0004\000.\0006\000\040\000L\000e\000a\000n\000\040\000F\000o\000r\000m\000a\000l\000i\000z\000a\000t\000i\000o\000n}{subsection.2.4}% 59
\BOOKMARK [3][-]{subsubsection.2.4.7}{\376\377\0002\000.\0004\000.\0007\000\040\000C\000o\000m\000p\000u\000t\000a\000t\000i\000o\000n\000a\000l\000\040\000C\000h\000e\000c\000k}{subsection.2.4}% 60
\BOOKMARK [2][-]{subsection.2.5}{\376\377\0002\000.\0005\000\040\000P\000r\000o\000b\000l\000e\000m\000\040\000B\0004\000:\000\040\000G\000r\000o\000w\000t\000h\000\040\000F\000u\000n\000c\000t\000i\000o\000n\000\040\000a\000n\000d\000\040\000V\000C\000\040\000D\000i\000m\000e\000n\000s\000i\000o\000n}{section.2}% 61
\BOOKMARK [3][-]{subsubsection.2.5.1}{\376\377\0002\000.\0005\000.\0001\000\040\000R\000e\000s\000t\000a\000t\000e\000m\000e\000n\000t}{subsection.2.5}% 62
\BOOKMARK [3][-]{subsubsection.2.5.2}{\376\377\0002\000.\0005\000.\0002\000\040\000E\000x\000p\000l\000a\000n\000a\000t\000i\000o\000n}{subsection.2.5}% 63
\BOOKMARK [3][-]{subsubsection.2.5.3}{\376\377\0002\000.\0005\000.\0003\000\040\000S\000o\000l\000u\000t\000i\000o\000n\000\040\000P\000l\000a\000n}{subsection.2.5}% 64
\BOOKMARK [3][-]{subsubsection.2.5.4}{\376\377\0002\000.\0005\000.\0004\000\040\000F\000o\000r\000m\000a\000l\000\040\000S\000o\000l\000u\000t\000i\000o\000n\000\040\000/\000\040\000P\000r\000o\000o\000f}{subsection.2.5}% 65
\BOOKMARK [3][-]{subsubsection.2.5.5}{\376\377\0002\000.\0005\000.\0005\000\040\000C\000o\000n\000c\000l\000u\000s\000i\000o\000n}{subsection.2.5}% 66
\BOOKMARK [3][-]{subsubsection.2.5.6}{\376\377\0002\000.\0005\000.\0006\000\040\000L\000e\000a\000n\000\040\000F\000o\000r\000m\000a\000l\000i\000z\000a\000t\000i\000o\000n}{subsection.2.5}% 67
\BOOKMARK [3][-]{subsubsection.2.5.7}{\376\377\0002\000.\0005\000.\0007\000\040\000C\000o\000m\000p\000u\000t\000a\000t\000i\000o\000n\000a\000l\000\040\000C\000h\000e\000c\000k}{subsection.2.5}% 68
\BOOKMARK [2][-]{subsection.2.6}{\376\377\0002\000.\0006\000\040\000P\000r\000o\000b\000l\000e\000m\000\040\000B\0005\000:\000\040\000A\000I\000\040\000P\000r\000o\000o\000f\000\040\000A\000u\000d\000i\000t}{section.2}% 69
\BOOKMARK [3][-]{subsubsection.2.6.1}{\376\377\0002\000.\0006\000.\0001\000\040\000R\000e\000s\000t\000a\000t\000e\000m\000e\000n\000t}{subsection.2.6}% 70
\BOOKMARK [3][-]{subsubsection.2.6.2}{\376\377\0002\000.\0006\000.\0002\000\040\000E\000x\000p\000l\000a\000n\000a\000t\000i\000o\000n}{subsection.2.6}% 71
\BOOKMARK [3][-]{subsubsection.2.6.3}{\376\377\0002\000.\0006\000.\0003\000\040\000S\000o\000l\000u\000t\000i\000o\000n\000\040\000P\000l\000a\000n}{subsection.2.6}% 72
\BOOKMARK [3][-]{subsubsection.2.6.4}{\376\377\0002\000.\0006\000.\0004\000\040\000F\000o\000r\000m\000a\000l\000\040\000S\000o\000l\000u\000t\000i\000o\000n\000\040\000/\000\040\000P\000r\000o\000o\000f}{subsection.2.6}% 73
\BOOKMARK [3][-]{subsubsection.2.6.5}{\376\377\0002\000.\0006\000.\0005\000\040\000C\000o\000n\000c\000l\000u\000s\000i\000o\000n}{subsection.2.6}% 74
\BOOKMARK [3][-]{subsubsection.2.6.6}{\376\377\0002\000.\0006\000.\0006\000\040\000L\000e\000a\000n\000\040\000F\000o\000r\000m\000a\000l\000i\000z\000a\000t\000i\000o\000n}{subsection.2.6}% 75
\BOOKMARK [3][-]{subsubsection.2.6.7}{\376\377\0002\000.\0006\000.\0007\000\040\000C\000o\000m\000p\000u\000t\000a\000t\000i\000o\000n\000a\000l\000\040\000C\000h\000e\000c\000k}{subsection.2.6}% 76
\BOOKMARK [1][]{section.3}{\376\377\0003\000\040\000P\000a\000r\000t\000\040\000C\000:\000\040\000A\000I\000\040\000U\000s\000a\000g\000e\000\040\000R\000e\000p\000o\000r\000t}{}% 77
\BOOKMARK [2][-]{subsubsection.3.0.1}{\376\377\0003\000.\0000\000.\0001\000\040\000R\000e\000s\000t\000a\000t\000e\000m\000e\000n\000t}{section.3}% 78
\BOOKMARK [3][-]{subsubsection.3.0.2}{\376\377\0003\000.\0000\000.\0002\000\040\000E\000x\000p\000l\000a\000n\000a\000t\000i\000o\000n}{subsubsection.3.0.1}% 79
\BOOKMARK [3][-]{subsubsection.3.0.3}{\376\377\0003\000.\0000\000.\0003\000\040\000S\000o\000l\000u\000t\000i\000o\000n\000\040\000P\000l\000a\000n}{subsubsection.3.0.1}% 80
\BOOKMARK [3][-]{subsubsection.3.0.4}{\376\377\0003\000.\0000\000.\0004\000\040\000F\000o\000r\000m\000a\000l\000\040\000S\000o\000l\000u\000t\000i\000o\000n\000\040\000/\000\040\000P\000r\000o\000o\000f}{subsubsection.3.0.1}% 81
\BOOKMARK [3][-]{subsubsection.3.0.5}{\376\377\0003\000.\0000\000.\0005\000\040\000C\000o\000n\000c\000l\000u\000s\000i\000o\000n}{subsubsection.3.0.1}% 82
\BOOKMARK [3][-]{subsubsection.3.0.6}{\376\377\0003\000.\0000\000.\0006\000\040\000L\000e\000a\000n\000\040\000F\000o\000r\000m\000a\000l\000i\000z\000a\000t\000i\000o\000n}{subsubsection.3.0.1}% 83
\BOOKMARK [3][-]{subsubsection.3.0.7}{\376\377\0003\000.\0000\000.\0007\000\040\000C\000o\000m\000p\000u\000t\000a\000t\000i\000o\000n\000a\000l\000\040\000C\000h\000e\000c\000k}{subsubsection.3.0.1}% 84
\BOOKMARK [1][]{section.4}{\376\377\0004\000\040\000R\000e\000p\000o\000s\000i\000t\000o\000r\000y\000\040\000A\000r\000t\000i\000f\000a\000c\000t\000s\000\040\000a\000n\000d\000\040\000M\000a\000p\000p\000i\000n\000g}{}% 85
\BOOKMARK [2][-]{subsection.4.1}{\376\377\0004\000.\0001\000\040\000S\000u\000p\000p\000o\000r\000t\000i\000n\000g\000\040\000R\000e\000p\000o\000s\000i\000t\000o\000r\000y\000\040\000A\000r\000t\000i\000f\000a\000c\000t\000s}{section.4}% 86
\BOOKMARK [2][-]{subsection.4.2}{\376\377\0004\000.\0002\000\040\000W\000r\000i\000t\000e\000-\000U\000p\000\040\000t\000o\000\040\000R\000e\000p\000o\000s\000i\000t\000o\000r\000y\000\040\000M\000a\000p\000p\000i\000n\000g}{section.4}% 87
\BOOKMARK [2][-]{subsection.4.3}{\376\377\0004\000.\0003\000\040\000L\000e\000a\000n\000\040\000T\000a\000r\000g\000e\000t\000s}{section.4}% 88
